<?xml version="1.0" encoding="UTF-8"?>
<!-- Generated by org.testng.reporters.JUnitXMLReporter -->
<testsuite hostname="LAPTOP-0SVGNG8S" ignored="0" name="Google Mail Test" tests="9" failures="1" timestamp="28 Oct 2018 09:40:00 GMT" time="174.158" errors="0">
  <testcase name="VerifyStarMailsTest" time="79.048" classname="com.qa.google.TestCases.TC01VerifyGMailFeatures"/>
  <testcase name="VerifyReadUnreadMailsTest" time="80.274" classname="com.qa.google.TestCases.TC01VerifyGMailFeatures"/>
  <testcase name="VerifyComposeMailTest" time="1.413" classname="com.qa.google.TestCases.TC01VerifyGMailFeatures"/>
  <testcase name="VerifySendMailFunctionalityTest" time="12.626" classname="com.qa.google.TestCases.TC01VerifyGMailFeatures">
    <failure type="org.openqa.selenium.ElementNotVisibleException" message="element not visible
  (Session info: chrome=69.0.3497.100)
  (Driver info: chromedriver=2.40.565498 (ea082db3280dd6843ebfb08a625e3eb905c4f5ab),platform=Windows NT 10.0.17134 x86_64) (WARNING: The server did not provide any stacktrace information)
Command duration or timeout: 0 milliseconds
Build info: version: &amp;apos;3.14.0&amp;apos;, revision: &amp;apos;aacccce0&amp;apos;, time: &amp;apos;2018-08-02T20:19:58.91Z&amp;apos;
System info: host: &amp;apos;LAPTOP-0SVGNG8S&amp;apos;, ip: &amp;apos;192.168.0.106&amp;apos;, os.name: &amp;apos;Windows 10&amp;apos;, os.arch: &amp;apos;amd64&amp;apos;, os.version: &amp;apos;10.0&amp;apos;, java.version: &amp;apos;1.8.0_171&amp;apos;
Driver info: org.openqa.selenium.chrome.ChromeDriver
Capabilities {acceptInsecureCerts: false, acceptSslCerts: false, applicationCacheEnabled: false, browserConnectionEnabled: false, browserName: chrome, chrome: {chromedriverVersion: 2.40.565498 (ea082db3280dd6..., userDataDir: C:\Users\lenovo\AppData\Loc...}, cssSelectorsEnabled: true, databaseEnabled: false, handlesAlerts: true, hasTouchScreen: false, javascriptEnabled: true, locationContextEnabled: true, mobileEmulationEnabled: false, nativeEvents: true, networkConnectionEnabled: false, pageLoadStrategy: normal, platform: XP, platformName: XP, rotatable: false, setWindowRect: true, takesHeapSnapshot: true, takesScreenshot: true, unexpectedAlertBehaviour: , unhandledPromptBehavior: , version: 69.0.3497.100, webStorageEnabled: true}
Session ID: 183b482fea122841a853fb5432647c2b">
      <![CDATA[org.openqa.selenium.ElementNotVisibleException: element not visible
  (Session info: chrome=69.0.3497.100)
  (Driver info: chromedriver=2.40.565498 (ea082db3280dd6843ebfb08a625e3eb905c4f5ab),platform=Windows NT 10.0.17134 x86_64) (WARNING: The server did not provide any stacktrace information)
Command duration or timeout: 0 milliseconds
Build info: version: '3.14.0', revision: 'aacccce0', time: '2018-08-02T20:19:58.91Z'
System info: host: 'LAPTOP-0SVGNG8S', ip: '192.168.0.106', os.name: 'Windows 10', os.arch: 'amd64', os.version: '10.0', java.version: '1.8.0_171'
Driver info: org.openqa.selenium.chrome.ChromeDriver
Capabilities {acceptInsecureCerts: false, acceptSslCerts: false, applicationCacheEnabled: false, browserConnectionEnabled: false, browserName: chrome, chrome: {chromedriverVersion: 2.40.565498 (ea082db3280dd6..., userDataDir: C:\Users\lenovo\AppData\Loc...}, cssSelectorsEnabled: true, databaseEnabled: false, handlesAlerts: true, hasTouchScreen: false, javascriptEnabled: true, locationContextEnabled: true, mobileEmulationEnabled: false, nativeEvents: true, networkConnectionEnabled: false, pageLoadStrategy: normal, platform: XP, platformName: XP, rotatable: false, setWindowRect: true, takesHeapSnapshot: true, takesScreenshot: true, unexpectedAlertBehaviour: , unhandledPromptBehavior: , version: 69.0.3497.100, webStorageEnabled: true}
Session ID: 183b482fea122841a853fb5432647c2b
at org.openqa.selenium.remote.ErrorHandler.createThrowable(ErrorHandler.java:214)
at org.openqa.selenium.remote.ErrorHandler.throwIfResponseFailed(ErrorHandler.java:166)
at org.openqa.selenium.remote.http.JsonHttpResponseCodec.reconstructValue(JsonHttpResponseCodec.java:40)
at org.openqa.selenium.remote.http.AbstractHttpResponseCodec.decode(AbstractHttpResponseCodec.java:80)
at org.openqa.selenium.remote.http.AbstractHttpResponseCodec.decode(AbstractHttpResponseCodec.java:44)
at org.openqa.selenium.remote.HttpCommandExecutor.execute(HttpCommandExecutor.java:158)
at org.openqa.selenium.remote.service.DriverCommandExecutor.execute(DriverCommandExecutor.java:83)
at org.openqa.selenium.remote.RemoteWebDriver.execute(RemoteWebDriver.java:548)
at org.openqa.selenium.remote.RemoteWebElement.execute(RemoteWebElement.java:276)
at org.openqa.selenium.remote.RemoteWebElement.click(RemoteWebElement.java:83)
at com.qa.google.TestPages.VerifySendMailFunctionality.sendMail(VerifySendMailFunctionality.java:63)
at com.qa.google.TestCases.TC01VerifyGMailFeatures.VerifySendMailFunctionalityTest(TC01VerifyGMailFeatures.java:79)
... Removed 32 stack frames]]>
    </failure>
  </testcase> <!-- VerifySendMailFunctionalityTest -->
  <testcase name="VerifySearchedResultTest" time="0.0" classname="com.qa.google.TestCases.TC01VerifyGMailFeatures">
    <skipped/>
  </testcase> <!-- VerifySearchedResultTest -->
  <testcase name="VefiryMailsWithAttachmentTest" time="0.0" classname="com.qa.google.TestCases.TC01VerifyGMailFeatures">
    <skipped/>
  </testcase> <!-- VefiryMailsWithAttachmentTest -->
  <testcase name="VerifySettingPageTest" time="0.0" classname="com.qa.google.TestCases.TC01VerifyGMailFeatures">
    <skipped/>
  </testcase> <!-- VerifySettingPageTest -->
  <testcase name="VerifyNewLabelCreatedTest" time="0.0" classname="com.qa.google.TestCases.TC01VerifyGMailFeatures">
    <skipped/>
  </testcase> <!-- VerifyNewLabelCreatedTest -->
  <testcase name="VerifyMailMoveToLabelTest" time="0.0" classname="com.qa.google.TestCases.TC01VerifyGMailFeatures">
    <skipped/>
  </testcase> <!-- VerifyMailMoveToLabelTest -->
</testsuite> <!-- Google Mail Test -->
